<?xml version="1.0" encoding="UTF-8"?>
<!-- Generated by org.testng.reporters.JUnitReportReporter -->
<testsuite hostname="Akash" failures="0" tests="3" name="testNG.FirstTest" time="12.591" errors="0" timestamp="2023-04-21T13:25:19 IST" skipped="0">
  <testcase classname="testNG.FirstTest" name="openApp" time="9.531"/>
  <system-out/>
  <testcase classname="testNG.FirstTest" name="login" time="2.877"/>
  <system-out/>
  <testcase classname="testNG.FirstTest" name="close" time="0.183"/>
  <system-out/>
</testsuite> <!-- testNG.FirstTest -->
