<?xml version="1.0" encoding="UTF-8"?>
<!-- Generated by org.testng.reporters.JUnitReportReporter -->
<testsuite hostname="Akash" failures="0" tests="3" name="TestNG_Grouping.Grouping" time="0.011" errors="0" timestamp="2023-02-16T12:51:32 IST" skipped="0">
  <testcase classname="TestNG_Grouping.Grouping" name="loginByFacebook" time="0.009"/>
  <system-out/>
  <testcase classname="TestNG_Grouping.Grouping" name="loginByTwitter" time="0.001"/>
  <system-out/>
  <testcase classname="TestNG_Grouping.Grouping" name="paymentinDollar" time="0.001"/>
  <system-out/>
</testsuite> <!-- TestNG_Grouping.Grouping -->
