<?xml version="1.0" encoding="UTF-8"?>
<!-- Generated by org.testng.reporters.JUnitReportReporter -->
<testsuite hostname="Akash" failures="0" tests="2" name="testNGTest.Class2" time="0.009" errors="0" timestamp="2023-02-15T14:26:36 IST" skipped="0">
  <testcase classname="testNGTest.Class2" name="xyz" time="0.001"/>
  <system-out/>
  <testcase classname="testNGTest.Class2" name="xyz" time="0.008"/>
  <system-out/>
</testsuite> <!-- testNGTest.Class2 -->
