<?xml version="1.0" encoding="UTF-8"?>
<!-- Generated by org.testng.reporters.JUnitReportReporter -->
<testsuite hostname="Akash" failures="0" tests="2" name="testNG.AnnotationDemo1" time="0.008" errors="0" timestamp="2023-04-21T13:33:38 IST" skipped="0">
  <testcase classname="testNG.AnnotationDemo1" name="advancedSearch" time="0.007"/>
  <system-out/>
  <testcase classname="testNG.AnnotationDemo1" name="search" time="0.001"/>
  <system-out/>
</testsuite> <!-- testNG.AnnotationDemo1 -->
