<?xml version="1.0" encoding="UTF-8"?>
<!-- Generated by org.testng.reporters.JUnitReportReporter -->
<testsuite hostname="Akash" failures="0" tests="3" name="TestNG.SecondTest" time="5.610" errors="0" timestamp="2023-02-15T13:56:47 IST" skipped="0">
  <testcase classname="TestNG.SecondTest" name="openApp" time="3.639"/>
  <system-out/>
  <testcase classname="TestNG.SecondTest" name="login" time="1.833"/>
  <system-out/>
  <testcase classname="TestNG.SecondTest" name="close" time="0.138"/>
  <system-out/>
</testsuite> <!-- TestNG.SecondTest -->
