<?xml version="1.0" encoding="UTF-8"?>
<!-- Generated by org.testng.reporters.JUnitReportReporter -->
<testsuite hostname="Akash" failures="0" tests="2" name="TestNG.AnnotationsDemo2" time="0.002" errors="0" timestamp="2023-04-04T15:51:24 IST" skipped="0">
  <testcase classname="TestNG.AnnotationsDemo2" name="search" time="0.001"/>
  <system-out/>
  <testcase classname="TestNG.AnnotationsDemo2" name="advancedSearch" time="0.001"/>
  <system-out/>
</testsuite> <!-- TestNG.AnnotationsDemo2 -->
