<?xml version="1.0" encoding="UTF-8"?>
<!-- Generated by org.testng.reporters.JUnitReportReporter -->
<testsuite hostname="Akash" failures="0" tests="2" name="testNGTest.Class1" time="0.002" errors="0" timestamp="2023-02-15T14:26:36 IST" skipped="0">
  <testcase classname="testNGTest.Class1" name="abc" time="0.001"/>
  <system-out/>
  <testcase classname="testNGTest.Class1" name="abc" time="0.001"/>
  <system-out/>
</testsuite> <!-- testNGTest.Class1 -->
