<?xml version="1.0" encoding="UTF-8"?>
<!-- Generated by org.testng.reporters.JUnitReportReporter -->
<testsuite hostname="Akash" failures="0" tests="10" name="TestNG_InvocationCount.InvocationCount" time="0.016" errors="0" timestamp="2023-02-17T11:47:41 IST" skipped="0">
  <testcase classname="TestNG_InvocationCount.InvocationCount" name="test" time="0.010"/>
  <system-out/>
  <testcase classname="TestNG_InvocationCount.InvocationCount" name="test" time="0.001"/>
  <system-out/>
  <testcase classname="TestNG_InvocationCount.InvocationCount" name="test" time="0.000"/>
  <system-out/>
  <testcase classname="TestNG_InvocationCount.InvocationCount" name="test" time="0.001"/>
  <system-out/>
  <testcase classname="TestNG_InvocationCount.InvocationCount" name="test" time="0.000"/>
  <system-out/>
  <testcase classname="TestNG_InvocationCount.InvocationCount" name="test" time="0.001"/>
  <system-out/>
  <testcase classname="TestNG_InvocationCount.InvocationCount" name="test" time="0.001"/>
  <system-out/>
  <testcase classname="TestNG_InvocationCount.InvocationCount" name="test" time="0.000"/>
  <system-out/>
  <testcase classname="TestNG_InvocationCount.InvocationCount" name="test" time="0.001"/>
  <system-out/>
  <testcase classname="TestNG_InvocationCount.InvocationCount" name="test" time="0.001"/>
  <system-out/>
</testsuite> <!-- TestNG_InvocationCount.InvocationCount -->
