<?xml version="1.0" encoding="UTF-8"?>
<!-- Generated by org.testng.reporters.JUnitReportReporter -->
<testsuite hostname="Akash" failures="0" tests="4" name="TestNG_ParallelTesting.ParamTest" time="0.554" errors="0" timestamp="2023-02-17T16:29:44 IST" skipped="0">
  <testcase classname="TestNG_ParallelTesting.ParamTest" name="testLogo" time="0.248"/>
  <system-out/>
  <testcase classname="TestNG_ParallelTesting.ParamTest" name="testLogo" time="0.204"/>
  <system-out/>
  <testcase classname="TestNG_ParallelTesting.ParamTest" name="testHomePageTitle" time="0.017"/>
  <system-out/>
  <testcase classname="TestNG_ParallelTesting.ParamTest" name="testHomePageTitle" time="0.085"/>
  <system-out/>
</testsuite> <!-- TestNG_ParallelTesting.ParamTest -->
